04-21 10:54:50 com_github_MitjaNemec_ReplicateLayout.action_replicate_layout 409:Plugin executed on: 'win32'
04-21 10:54:50 com_github_MitjaNemec_ReplicateLayout.action_replicate_layout 410:Plugin executed with python version: '3.11.5 (main, Jan 27 2025, 07:08:36) [MSC v.1942 64 bit (AMD64)]'
04-21 10:54:50 com_github_MitjaNemec_ReplicateLayout.action_replicate_layout 411:KiCad build version: 9.0.1
04-21 10:54:50 com_github_MitjaNemec_ReplicateLayout.action_replicate_layout 412:Plugin version: 4.0.2
04-21 10:54:50 com_github_MitjaNemec_ReplicateLayout.action_replicate_layout 413:Frame repr: <wx._core.Frame object at 0x00000287CC223C70>
04-21 10:54:50 com_github_MitjaNemec_ReplicateLayout.action_replicate_layout 437:Preparing replicator with U6 as a reference
04-21 10:54:50 com_github_MitjaNemec_ReplicateLayout.replicate_layout 117:getting a list of all footprints on board
04-21 10:54:50 com_github_MitjaNemec_ReplicateLayout.action_replicate_layout 485:source anchor footprint is 'U6'
Located on: ['/Audio/', '/Audio/codec1/']
With filenames: ['audio.kicad_sch', 'codec.kicad_sch']
With sheet_id:['/Audio/', '/Audio/codec1/']
04-21 10:54:50 com_github_MitjaNemec_ReplicateLayout.action_replicate_layout 492:Corresponding footprints are 
[('U6', ['/Audio/', '/Audio/codec1/']), ('U8', ['/Audio/', '/Audio/codec3/']), ('U7', ['/Audio/', '/Audio/codec2/'])]
04-21 10:54:50 com_github_MitjaNemec_ReplicateLayout.action_replicate_layout 504:Showing dialog
04-21 10:54:50 com_github_MitjaNemec_ReplicateLayout.replicate_layout 472:constructing a list of sheets suitable for replication on level:'/Audio/codec1/', file:'codec.kicad_sch'
04-21 10:54:50 com_github_MitjaNemec_ReplicateLayout.replicate_layout 509:suitable sheets are:[['/Audio/', '/Audio/codec2/'], ['/Audio/', '/Audio/codec3/']]
04-21 10:54:50 com_github_MitjaNemec_ReplicateLayout.replicate_layout 1507:Level selected: ['/Audio/', '/Audio/codec1/']
04-21 10:54:50 com_github_MitjaNemec_ReplicateLayout.replicate_layout 1331:Filtering list of tracks
04-21 10:54:50 com_github_MitjaNemec_ReplicateLayout.action_replicate_layout 510:Toolbar position: wx.Point(1662, 111)
04-21 10:54:50 com_github_MitjaNemec_ReplicateLayout.action_replicate_layout 515:Dialog position: wx.Point(1223, 111)
04-21 10:54:57 com_github_MitjaNemec_ReplicateLayout.replicate_layout 472:constructing a list of sheets suitable for replication on level:'/Audio/codec1/', file:'codec.kicad_sch'
04-21 10:54:57 com_github_MitjaNemec_ReplicateLayout.replicate_layout 509:suitable sheets are:[['/Audio/', '/Audio/codec2/'], ['/Audio/', '/Audio/codec3/']]
04-21 10:54:57 com_github_MitjaNemec_ReplicateLayout.action_replicate_layout 248:Replicating layout
04-21 10:54:57 com_github_MitjaNemec_ReplicateLayout.replicate_layout 288:Starting replication of sheets: [['/Audio/', '/Audio/codec2/'], ['/Audio/', '/Audio/codec3/']]
on level: ['/Audio/', '/Audio/codec1/']
with tracks=True, zone=True, text=True, text=True, intersecting=False, remove=False, locked footprints=False, group_only=False
04-21 10:54:57 root 340:updating GUI message: 'Preparing for replication'
04-21 10:54:57 root 345:updating GUI with: 0
04-21 10:54:57 com_github_MitjaNemec_ReplicateLayout.replicate_layout 358:Getting the list of source footprints
04-21 10:54:57 com_github_MitjaNemec_ReplicateLayout.replicate_layout 368:Getting the list of all the remaining footprints
04-21 10:54:57 com_github_MitjaNemec_ReplicateLayout.replicate_layout 375:Getting source tracks
04-21 10:54:57 com_github_MitjaNemec_ReplicateLayout.replicate_layout 1331:Filtering list of tracks
04-21 10:54:57 com_github_MitjaNemec_ReplicateLayout.replicate_layout 379:Getting source zones
04-21 10:54:57 com_github_MitjaNemec_ReplicateLayout.replicate_layout 383:Getting source text items
04-21 10:54:57 root 345:updating GUI with: 66
04-21 10:54:57 com_github_MitjaNemec_ReplicateLayout.replicate_layout 387:Getting source drawing items
04-21 10:54:57 root 340:updating GUI message: 'Replicating footprints'
04-21 10:54:57 root 345:updating GUI with: 0
04-21 10:54:57 com_github_MitjaNemec_ReplicateLayout.replicate_layout 861:Replicating footprints
04-21 10:54:57 com_github_MitjaNemec_ReplicateLayout.replicate_layout 868:Replicating footprints on sheet ['/Audio/', '/Audio/codec2/']
04-21 10:54:57 com_github_MitjaNemec_ReplicateLayout.replicate_layout 985:Src text UUid:19064b46-1103-4027-b6c8-4fe4d2739107
04-21 10:54:57 com_github_MitjaNemec_ReplicateLayout.replicate_layout 986:Dst text UUid:d42cb613-94c5-4830-a355-d52003a2dc98
04-21 10:54:57 com_github_MitjaNemec_ReplicateLayout.replicate_layout 985:Src text UUid:b48841d0-c7d4-452a-a840-a63201555680
04-21 10:54:57 com_github_MitjaNemec_ReplicateLayout.replicate_layout 986:Dst text UUid:145bb541-1d30-4782-a0dd-ce0c33296678
04-21 10:54:57 com_github_MitjaNemec_ReplicateLayout.replicate_layout 985:Src text UUid:dae5c689-eef6-4b10-b09a-23c86ea3688c
04-21 10:54:57 com_github_MitjaNemec_ReplicateLayout.replicate_layout 986:Dst text UUid:1a65b1ea-81ea-4273-81ac-74f0ec21f7c9
04-21 10:54:57 com_github_MitjaNemec_ReplicateLayout.replicate_layout 985:Src text UUid:0a8856d7-d6d4-4ac0-a321-5c67340d8919
04-21 10:54:57 com_github_MitjaNemec_ReplicateLayout.replicate_layout 986:Dst text UUid:03e88aec-28a3-4496-b122-ad0cf0719f1f
04-21 10:54:57 com_github_MitjaNemec_ReplicateLayout.replicate_layout 985:Src text UUid:5ad0e5ba-2508-4792-be75-fe614d287b9b
04-21 10:54:57 com_github_MitjaNemec_ReplicateLayout.replicate_layout 986:Dst text UUid:8f102987-ed89-4d41-84dc-861d14ab3ccc
04-21 10:54:57 com_github_MitjaNemec_ReplicateLayout.replicate_layout 985:Src text UUid:33e9d27c-d353-4d62-b5d9-5eea65043f81
04-21 10:54:57 com_github_MitjaNemec_ReplicateLayout.replicate_layout 986:Dst text UUid:3512bc71-3585-46f2-831b-412f57e00b96
04-21 10:54:57 com_github_MitjaNemec_ReplicateLayout.replicate_layout 985:Src text UUid:9fae9f66-8e3b-4ac1-a2f0-022e7be149a0
04-21 10:54:57 com_github_MitjaNemec_ReplicateLayout.replicate_layout 986:Dst text UUid:a1dfc7ad-b756-454b-99af-b861eb574d62
04-21 10:54:57 com_github_MitjaNemec_ReplicateLayout.replicate_layout 985:Src text UUid:43899c32-926a-422d-bd6c-0754168b48ff
04-21 10:54:57 com_github_MitjaNemec_ReplicateLayout.replicate_layout 986:Dst text UUid:665b8e29-be9c-42d3-88b8-a38e8aa4e85e
04-21 10:54:57 com_github_MitjaNemec_ReplicateLayout.replicate_layout 985:Src text UUid:16c161e8-3052-485c-8219-28ce5d1ee26d
04-21 10:54:57 com_github_MitjaNemec_ReplicateLayout.replicate_layout 986:Dst text UUid:84af7432-858e-4353-aa65-9c1852ec1361
04-21 10:54:57 com_github_MitjaNemec_ReplicateLayout.replicate_layout 985:Src text UUid:b3852a1a-1883-4681-9fea-641b5805dd27
04-21 10:54:57 com_github_MitjaNemec_ReplicateLayout.replicate_layout 986:Dst text UUid:75815e6f-12c2-44c7-ae85-8a4fc7267444
04-21 10:54:57 com_github_MitjaNemec_ReplicateLayout.replicate_layout 985:Src text UUid:c1269056-d836-4aec-b122-6d9958ddc85f
04-21 10:54:57 com_github_MitjaNemec_ReplicateLayout.replicate_layout 986:Dst text UUid:b30386b1-1044-4080-9ade-3551baeaaf6f
04-21 10:54:57 com_github_MitjaNemec_ReplicateLayout.replicate_layout 985:Src text UUid:1d10d920-1ad0-4079-8c2f-5aa2e0dad02f
04-21 10:54:57 com_github_MitjaNemec_ReplicateLayout.replicate_layout 986:Dst text UUid:5d02bb31-909a-4599-a13e-30a277c3e063
04-21 10:54:57 com_github_MitjaNemec_ReplicateLayout.replicate_layout 985:Src text UUid:941521b2-75fd-4c72-b3a0-b2ef4676b132
04-21 10:54:57 com_github_MitjaNemec_ReplicateLayout.replicate_layout 986:Dst text UUid:69c0bafe-5dc6-4ce0-8d95-30d897322edf
04-21 10:54:57 com_github_MitjaNemec_ReplicateLayout.replicate_layout 985:Src text UUid:2595f8a1-133e-4bfe-9ca3-d48679e1c2dc
04-21 10:54:57 com_github_MitjaNemec_ReplicateLayout.replicate_layout 986:Dst text UUid:af0e261f-33f5-4558-a258-b518e73c0756
04-21 10:54:57 com_github_MitjaNemec_ReplicateLayout.replicate_layout 985:Src text UUid:cdde8982-5789-4084-85ca-172dd136f34f
04-21 10:54:57 com_github_MitjaNemec_ReplicateLayout.replicate_layout 986:Dst text UUid:3909edde-a22e-441d-bd1e-12c015da3702
04-21 10:54:57 com_github_MitjaNemec_ReplicateLayout.replicate_layout 985:Src text UUid:44fc7ec3-29c6-4cf0-9038-8ba0a11b3ec0
04-21 10:54:57 com_github_MitjaNemec_ReplicateLayout.replicate_layout 986:Dst text UUid:e6e8c5fb-c7ee-445c-850e-dd4557bae6ba
04-21 10:54:57 com_github_MitjaNemec_ReplicateLayout.replicate_layout 985:Src text UUid:d8660141-2418-4901-a971-228ce66a7b53
04-21 10:54:57 com_github_MitjaNemec_ReplicateLayout.replicate_layout 986:Dst text UUid:3b7d941d-974e-4d9a-9daf-964542a32556
04-21 10:54:57 com_github_MitjaNemec_ReplicateLayout.replicate_layout 985:Src text UUid:fe4e566d-8099-47c3-8022-6285160df1e7
04-21 10:54:57 com_github_MitjaNemec_ReplicateLayout.replicate_layout 986:Dst text UUid:9a2753dd-0fec-4f57-9a5f-ca6fda4ffb8e
04-21 10:54:57 com_github_MitjaNemec_ReplicateLayout.replicate_layout 985:Src text UUid:d7fe1543-eac2-456c-9c1e-81450bdb90a1
04-21 10:54:57 com_github_MitjaNemec_ReplicateLayout.replicate_layout 986:Dst text UUid:14d06b64-f61a-4c5c-8735-7d079441323c
04-21 10:54:57 com_github_MitjaNemec_ReplicateLayout.replicate_layout 985:Src text UUid:5e0a0601-12e5-4d52-9561-e029f149a68b
04-21 10:54:57 com_github_MitjaNemec_ReplicateLayout.replicate_layout 986:Dst text UUid:fe16660d-bbc6-429f-94b7-c8147f05a536
04-21 10:54:57 com_github_MitjaNemec_ReplicateLayout.replicate_layout 985:Src text UUid:210b0230-63a3-4c27-93ba-1001c3c2d54b
04-21 10:54:57 com_github_MitjaNemec_ReplicateLayout.replicate_layout 986:Dst text UUid:5096c4d0-ebbc-4de7-9632-7a2e2adc084c
04-21 10:54:57 com_github_MitjaNemec_ReplicateLayout.replicate_layout 985:Src text UUid:545a6a77-a193-4d27-b555-6955db539783
04-21 10:54:57 com_github_MitjaNemec_ReplicateLayout.replicate_layout 986:Dst text UUid:7e76277d-55f3-4c93-a06b-5f36caf286eb
04-21 10:54:57 com_github_MitjaNemec_ReplicateLayout.replicate_layout 985:Src text UUid:24f340a2-ff60-4974-928c-8b6461ca9663
04-21 10:54:57 com_github_MitjaNemec_ReplicateLayout.replicate_layout 986:Dst text UUid:3fac75f8-67bf-4536-b176-616600cb4e0d
04-21 10:54:57 com_github_MitjaNemec_ReplicateLayout.replicate_layout 985:Src text UUid:ff764287-37a7-4251-957c-1f2238c7fb49
04-21 10:54:57 com_github_MitjaNemec_ReplicateLayout.replicate_layout 986:Dst text UUid:4e855102-7113-4f73-828d-9e9e4cac386d
04-21 10:54:57 com_github_MitjaNemec_ReplicateLayout.replicate_layout 985:Src text UUid:b75f57da-8fbe-41bc-864d-8b6641e323de
04-21 10:54:57 com_github_MitjaNemec_ReplicateLayout.replicate_layout 986:Dst text UUid:195200aa-26d5-45a8-aff2-ecd291a6efb6
04-21 10:54:57 com_github_MitjaNemec_ReplicateLayout.replicate_layout 985:Src text UUid:86ae993c-2922-47af-8254-f1e44d8983e6
04-21 10:54:57 com_github_MitjaNemec_ReplicateLayout.replicate_layout 986:Dst text UUid:1fba012b-1ec1-4198-9aca-113ec6ee5f7b
04-21 10:54:57 com_github_MitjaNemec_ReplicateLayout.replicate_layout 985:Src text UUid:84087ebc-f4c9-4794-8345-d35ced8c5e6f
04-21 10:54:57 com_github_MitjaNemec_ReplicateLayout.replicate_layout 986:Dst text UUid:c9730bd2-9dee-40fd-9e6b-f57cf231acdb
04-21 10:54:57 com_github_MitjaNemec_ReplicateLayout.replicate_layout 985:Src text UUid:56bdca24-eb30-4118-89ba-578971e72339
04-21 10:54:57 com_github_MitjaNemec_ReplicateLayout.replicate_layout 986:Dst text UUid:42c0edc7-343d-4305-9caf-9f124abccb18
04-21 10:54:57 com_github_MitjaNemec_ReplicateLayout.replicate_layout 985:Src text UUid:c0c6f2d6-ab91-4ebf-b4a1-621edd0d5521
04-21 10:54:57 com_github_MitjaNemec_ReplicateLayout.replicate_layout 986:Dst text UUid:4be2fbc0-8f30-42f2-9f4c-ab95c8f64b63
04-21 10:54:57 com_github_MitjaNemec_ReplicateLayout.replicate_layout 985:Src text UUid:8be3168f-1c07-48c3-8017-38d4269384bc
04-21 10:54:57 com_github_MitjaNemec_ReplicateLayout.replicate_layout 986:Dst text UUid:32872e0e-8933-4143-be00-33a59542b6e2
04-21 10:54:57 com_github_MitjaNemec_ReplicateLayout.replicate_layout 985:Src text UUid:83b5bbb4-4329-4d7d-8230-ef78f8b78309
04-21 10:54:57 com_github_MitjaNemec_ReplicateLayout.replicate_layout 986:Dst text UUid:48e17c00-9225-4dbc-808b-970528abb38f
04-21 10:54:57 com_github_MitjaNemec_ReplicateLayout.replicate_layout 985:Src text UUid:a14df724-91ae-4274-b226-29a0b93392a4
04-21 10:54:57 com_github_MitjaNemec_ReplicateLayout.replicate_layout 986:Dst text UUid:39955737-4b0e-4e5f-bceb-8ae2dd2c1f97
04-21 10:54:57 com_github_MitjaNemec_ReplicateLayout.replicate_layout 985:Src text UUid:e751dc3a-a529-4d89-b7f9-edf3e10bad72
04-21 10:54:57 com_github_MitjaNemec_ReplicateLayout.replicate_layout 986:Dst text UUid:92a386d1-e21c-4051-92b1-d1f79433743b
04-21 10:54:57 com_github_MitjaNemec_ReplicateLayout.replicate_layout 985:Src text UUid:f82b73f7-2130-49d9-86d9-b9cde63f76ad
04-21 10:54:57 com_github_MitjaNemec_ReplicateLayout.replicate_layout 986:Dst text UUid:7c4b8869-8cc1-48b9-bf43-c5ecc0d971e7
04-21 10:54:57 root 345:updating GUI with: 49
04-21 10:54:57 com_github_MitjaNemec_ReplicateLayout.replicate_layout 985:Src text UUid:270b06cc-9d6b-4bdb-84a1-f9e27a87d1fc
04-21 10:54:57 com_github_MitjaNemec_ReplicateLayout.replicate_layout 986:Dst text UUid:46076744-fe41-4299-9e84-664892d56a00
04-21 10:54:57 com_github_MitjaNemec_ReplicateLayout.replicate_layout 985:Src text UUid:8786933b-7917-4712-b451-d3e6c5efab1b
04-21 10:54:57 com_github_MitjaNemec_ReplicateLayout.replicate_layout 986:Dst text UUid:d54da31e-0158-4266-ad44-b9058e53542a
04-21 10:54:57 com_github_MitjaNemec_ReplicateLayout.replicate_layout 985:Src text UUid:a0c4898a-4e7c-4115-b364-3bf4d5fb7902
04-21 10:54:57 com_github_MitjaNemec_ReplicateLayout.replicate_layout 986:Dst text UUid:24026d27-455f-4c6f-a0c8-419a5642c572
04-21 10:54:57 com_github_MitjaNemec_ReplicateLayout.replicate_layout 868:Replicating footprints on sheet ['/Audio/', '/Audio/codec3/']
04-21 10:54:57 com_github_MitjaNemec_ReplicateLayout.replicate_layout 985:Src text UUid:19064b46-1103-4027-b6c8-4fe4d2739107
04-21 10:54:57 com_github_MitjaNemec_ReplicateLayout.replicate_layout 986:Dst text UUid:15afdbba-9882-42fe-8098-eccf4bb96219
04-21 10:54:57 com_github_MitjaNemec_ReplicateLayout.replicate_layout 985:Src text UUid:b48841d0-c7d4-452a-a840-a63201555680
04-21 10:54:57 com_github_MitjaNemec_ReplicateLayout.replicate_layout 986:Dst text UUid:4d0e3964-ef20-4ab6-934a-5a1eb7b8f383
04-21 10:54:57 com_github_MitjaNemec_ReplicateLayout.replicate_layout 985:Src text UUid:dae5c689-eef6-4b10-b09a-23c86ea3688c
04-21 10:54:57 com_github_MitjaNemec_ReplicateLayout.replicate_layout 986:Dst text UUid:6e9d1197-b7bb-412e-bed9-7f78c07f04ca
04-21 10:54:57 com_github_MitjaNemec_ReplicateLayout.replicate_layout 985:Src text UUid:0a8856d7-d6d4-4ac0-a321-5c67340d8919
04-21 10:54:57 com_github_MitjaNemec_ReplicateLayout.replicate_layout 986:Dst text UUid:affbf5ee-844f-41f0-9178-8b2d6f3a5d48
04-21 10:54:57 com_github_MitjaNemec_ReplicateLayout.replicate_layout 985:Src text UUid:5ad0e5ba-2508-4792-be75-fe614d287b9b
04-21 10:54:57 com_github_MitjaNemec_ReplicateLayout.replicate_layout 986:Dst text UUid:1fc3a278-6f1c-4ff7-974d-92afbc6a2eb0
04-21 10:54:57 com_github_MitjaNemec_ReplicateLayout.replicate_layout 985:Src text UUid:33e9d27c-d353-4d62-b5d9-5eea65043f81
04-21 10:54:57 com_github_MitjaNemec_ReplicateLayout.replicate_layout 986:Dst text UUid:ee1149cc-114d-493c-99fa-11f598b3c0b6
04-21 10:54:57 com_github_MitjaNemec_ReplicateLayout.replicate_layout 985:Src text UUid:9fae9f66-8e3b-4ac1-a2f0-022e7be149a0
04-21 10:54:57 com_github_MitjaNemec_ReplicateLayout.replicate_layout 986:Dst text UUid:1affbc5c-e6d0-42e2-b727-ccc87e577c14
04-21 10:54:57 com_github_MitjaNemec_ReplicateLayout.replicate_layout 985:Src text UUid:43899c32-926a-422d-bd6c-0754168b48ff
04-21 10:54:57 com_github_MitjaNemec_ReplicateLayout.replicate_layout 986:Dst text UUid:65f5185f-1b94-4c14-a957-d0dd54d5a864
04-21 10:54:57 com_github_MitjaNemec_ReplicateLayout.replicate_layout 985:Src text UUid:16c161e8-3052-485c-8219-28ce5d1ee26d
04-21 10:54:57 com_github_MitjaNemec_ReplicateLayout.replicate_layout 986:Dst text UUid:505221f2-fe44-447c-8f31-9f94ffe5ae16
04-21 10:54:57 com_github_MitjaNemec_ReplicateLayout.replicate_layout 985:Src text UUid:b3852a1a-1883-4681-9fea-641b5805dd27
04-21 10:54:57 com_github_MitjaNemec_ReplicateLayout.replicate_layout 986:Dst text UUid:3cc80032-da19-4fd5-b9a5-cf9cd6f84c27
04-21 10:54:57 com_github_MitjaNemec_ReplicateLayout.replicate_layout 985:Src text UUid:c1269056-d836-4aec-b122-6d9958ddc85f
04-21 10:54:57 com_github_MitjaNemec_ReplicateLayout.replicate_layout 986:Dst text UUid:e4969758-c7af-470e-b8ee-f580d624d65a
04-21 10:54:57 com_github_MitjaNemec_ReplicateLayout.replicate_layout 985:Src text UUid:1d10d920-1ad0-4079-8c2f-5aa2e0dad02f
04-21 10:54:57 com_github_MitjaNemec_ReplicateLayout.replicate_layout 986:Dst text UUid:8eb9bb21-3aee-4dc3-b685-4653077dcbac
04-21 10:54:57 com_github_MitjaNemec_ReplicateLayout.replicate_layout 985:Src text UUid:941521b2-75fd-4c72-b3a0-b2ef4676b132
04-21 10:54:57 com_github_MitjaNemec_ReplicateLayout.replicate_layout 986:Dst text UUid:1edee5ea-4b4c-4ded-b298-c14ab0dfebce
04-21 10:54:57 com_github_MitjaNemec_ReplicateLayout.replicate_layout 985:Src text UUid:2595f8a1-133e-4bfe-9ca3-d48679e1c2dc
04-21 10:54:57 com_github_MitjaNemec_ReplicateLayout.replicate_layout 986:Dst text UUid:e78a25e3-63bd-4524-9e44-f364a7144a0f
04-21 10:54:57 com_github_MitjaNemec_ReplicateLayout.replicate_layout 985:Src text UUid:cdde8982-5789-4084-85ca-172dd136f34f
04-21 10:54:57 com_github_MitjaNemec_ReplicateLayout.replicate_layout 986:Dst text UUid:8b619c76-8615-48cb-b291-fc68e30dc786
04-21 10:54:57 com_github_MitjaNemec_ReplicateLayout.replicate_layout 985:Src text UUid:44fc7ec3-29c6-4cf0-9038-8ba0a11b3ec0
04-21 10:54:57 com_github_MitjaNemec_ReplicateLayout.replicate_layout 986:Dst text UUid:c4258b7b-0d52-4325-be88-959e591a8600
04-21 10:54:57 com_github_MitjaNemec_ReplicateLayout.replicate_layout 985:Src text UUid:d8660141-2418-4901-a971-228ce66a7b53
04-21 10:54:57 com_github_MitjaNemec_ReplicateLayout.replicate_layout 986:Dst text UUid:1fbda991-2c0f-4096-941d-c2d6523d00cd
04-21 10:54:57 com_github_MitjaNemec_ReplicateLayout.replicate_layout 985:Src text UUid:fe4e566d-8099-47c3-8022-6285160df1e7
04-21 10:54:57 com_github_MitjaNemec_ReplicateLayout.replicate_layout 986:Dst text UUid:c1c32d6f-e27a-4cbb-b0fd-f62a3bd8a844
04-21 10:54:57 com_github_MitjaNemec_ReplicateLayout.replicate_layout 985:Src text UUid:d7fe1543-eac2-456c-9c1e-81450bdb90a1
04-21 10:54:57 com_github_MitjaNemec_ReplicateLayout.replicate_layout 986:Dst text UUid:388a9918-914c-43b1-947d-69e0e2b26d89
04-21 10:54:57 com_github_MitjaNemec_ReplicateLayout.replicate_layout 985:Src text UUid:5e0a0601-12e5-4d52-9561-e029f149a68b
04-21 10:54:57 com_github_MitjaNemec_ReplicateLayout.replicate_layout 986:Dst text UUid:af12503c-eb19-4a3c-9e97-5923b605ae67
04-21 10:54:57 com_github_MitjaNemec_ReplicateLayout.replicate_layout 985:Src text UUid:210b0230-63a3-4c27-93ba-1001c3c2d54b
04-21 10:54:57 com_github_MitjaNemec_ReplicateLayout.replicate_layout 986:Dst text UUid:4cfc02c6-3f5d-46b4-8948-85ede9be17ce
04-21 10:54:57 com_github_MitjaNemec_ReplicateLayout.replicate_layout 985:Src text UUid:545a6a77-a193-4d27-b555-6955db539783
04-21 10:54:57 com_github_MitjaNemec_ReplicateLayout.replicate_layout 986:Dst text UUid:104eeef3-ef38-42c0-ba43-9e8b8f5d0ac3
04-21 10:54:57 com_github_MitjaNemec_ReplicateLayout.replicate_layout 985:Src text UUid:24f340a2-ff60-4974-928c-8b6461ca9663
04-21 10:54:57 com_github_MitjaNemec_ReplicateLayout.replicate_layout 986:Dst text UUid:e20811b7-8839-4acf-b2ad-107fabe6840c
04-21 10:54:57 com_github_MitjaNemec_ReplicateLayout.replicate_layout 985:Src text UUid:ff764287-37a7-4251-957c-1f2238c7fb49
04-21 10:54:57 com_github_MitjaNemec_ReplicateLayout.replicate_layout 986:Dst text UUid:6b64a82d-3e98-4e22-836e-94352c2e1f3c
04-21 10:54:57 com_github_MitjaNemec_ReplicateLayout.replicate_layout 985:Src text UUid:b75f57da-8fbe-41bc-864d-8b6641e323de
04-21 10:54:57 com_github_MitjaNemec_ReplicateLayout.replicate_layout 986:Dst text UUid:8ab9afdb-3911-4e0b-b79d-dc8013f44a61
04-21 10:54:57 com_github_MitjaNemec_ReplicateLayout.replicate_layout 985:Src text UUid:86ae993c-2922-47af-8254-f1e44d8983e6
04-21 10:54:57 com_github_MitjaNemec_ReplicateLayout.replicate_layout 986:Dst text UUid:de48766e-bec3-4c88-b503-3e7cc3820ab3
04-21 10:54:57 com_github_MitjaNemec_ReplicateLayout.replicate_layout 985:Src text UUid:84087ebc-f4c9-4794-8345-d35ced8c5e6f
04-21 10:54:57 com_github_MitjaNemec_ReplicateLayout.replicate_layout 986:Dst text UUid:bf190ee5-af82-40c2-8e9c-12d023c3b2c1
04-21 10:54:57 com_github_MitjaNemec_ReplicateLayout.replicate_layout 985:Src text UUid:56bdca24-eb30-4118-89ba-578971e72339
04-21 10:54:57 com_github_MitjaNemec_ReplicateLayout.replicate_layout 986:Dst text UUid:e56193cf-7171-402b-83c8-bf5f8569c08c
04-21 10:54:57 com_github_MitjaNemec_ReplicateLayout.replicate_layout 985:Src text UUid:c0c6f2d6-ab91-4ebf-b4a1-621edd0d5521
04-21 10:54:57 com_github_MitjaNemec_ReplicateLayout.replicate_layout 986:Dst text UUid:a5fdf4e1-9330-47cc-84d2-87afba96eb59
04-21 10:54:57 com_github_MitjaNemec_ReplicateLayout.replicate_layout 985:Src text UUid:8be3168f-1c07-48c3-8017-38d4269384bc
04-21 10:54:57 com_github_MitjaNemec_ReplicateLayout.replicate_layout 986:Dst text UUid:f8675173-cf12-49c9-ac80-d49a51bae069
04-21 10:54:57 com_github_MitjaNemec_ReplicateLayout.replicate_layout 985:Src text UUid:83b5bbb4-4329-4d7d-8230-ef78f8b78309
04-21 10:54:57 com_github_MitjaNemec_ReplicateLayout.replicate_layout 986:Dst text UUid:70392ba8-1c01-41de-aad1-def2afe6b43a
04-21 10:54:57 com_github_MitjaNemec_ReplicateLayout.replicate_layout 985:Src text UUid:a14df724-91ae-4274-b226-29a0b93392a4
04-21 10:54:57 com_github_MitjaNemec_ReplicateLayout.replicate_layout 986:Dst text UUid:d16ffa61-421e-4501-a71c-97803c07d2e2
04-21 10:54:57 com_github_MitjaNemec_ReplicateLayout.replicate_layout 985:Src text UUid:e751dc3a-a529-4d89-b7f9-edf3e10bad72
04-21 10:54:57 com_github_MitjaNemec_ReplicateLayout.replicate_layout 986:Dst text UUid:ae7290f1-13b7-4254-98c9-a3de34374e50
04-21 10:54:57 com_github_MitjaNemec_ReplicateLayout.replicate_layout 985:Src text UUid:f82b73f7-2130-49d9-86d9-b9cde63f76ad
04-21 10:54:57 com_github_MitjaNemec_ReplicateLayout.replicate_layout 986:Dst text UUid:d473a0b3-b143-4580-ac72-afbe9f8a504e
04-21 10:54:57 com_github_MitjaNemec_ReplicateLayout.replicate_layout 985:Src text UUid:270b06cc-9d6b-4bdb-84a1-f9e27a87d1fc
04-21 10:54:57 com_github_MitjaNemec_ReplicateLayout.replicate_layout 986:Dst text UUid:80fbf298-1291-48c2-8618-8099f579ae05
04-21 10:54:57 com_github_MitjaNemec_ReplicateLayout.replicate_layout 985:Src text UUid:8786933b-7917-4712-b451-d3e6c5efab1b
04-21 10:54:57 com_github_MitjaNemec_ReplicateLayout.replicate_layout 986:Dst text UUid:38a23568-1575-4938-ad6b-79074626c058
04-21 10:54:57 com_github_MitjaNemec_ReplicateLayout.replicate_layout 985:Src text UUid:a0c4898a-4e7c-4115-b364-3bf4d5fb7902
04-21 10:54:57 com_github_MitjaNemec_ReplicateLayout.replicate_layout 986:Dst text UUid:516889e1-c35b-4feb-a3e3-21489c8e3260
04-21 10:54:57 root 340:updating GUI message: 'Replicating tracks'
04-21 10:54:57 com_github_MitjaNemec_ReplicateLayout.replicate_layout 1009:Replicating tracks
04-21 10:54:57 com_github_MitjaNemec_ReplicateLayout.replicate_layout 1015:Replicating tracks on sheet ['/Audio/', '/Audio/codec2/']
04-21 10:54:57 com_github_MitjaNemec_ReplicateLayout.replicate_layout 792:Net pairs for sheet ['/Audio/', '/Audio/codec2/'] :[('GND', 'GND'), ('/Audio/codec1/LINE_OUT_L', '/Audio/codec2/LINE_OUT_L'), ('Net-(U6-SYS_MCLK)', 'Net-(U7-SYS_MCLK)'), ('DAC_MCLK', 'DAC_MCLK'), ('/Audio/codec1/LINE_IN_L', '/Audio/codec2/LINE_IN_L'), ('/Audio/codec1/LINE_IN_R', '/Audio/codec2/LINE_IN_R'), ('/Audio/codec1/HEADPHONES_GND', '/Audio/codec2/HEADPHONES_GND'), ('DAC_LRCLK', 'DAC_LRCLK'), ('CODEC1_SCL', 'CODEC2_SCL'), ('Net-(JP12-A)', 'Net-(JP14-A)'), ('DAC_BCLK', 'DAC_BCLK'), ('CODEC1_SDA', 'CODEC2_SDA'), ('+3.3V', '+3.3V'), ('CODEC1_DIN', 'CODEC2_DIN'), ('+1V8', '+1V8'), ('Net-(U6-VAG)', 'Net-(U7-VAG)'), ('/Audio/codec1/HEADPHONES_R', '/Audio/codec2/HEADPHONES_R'), ('Net-(U6-VDDA)', 'Net-(U7-VDDA)'), ('', ''), ('Net-(JP13-A)', 'Net-(JP15-A)'), ('CODEC1_DOUT', 'CODEC2_DOUT'), ('/Audio/codec1/LINE_OUT_R', '/Audio/codec2/LINE_OUT_R'), ('/Audio/codec1/HEADPHONES_L', '/Audio/codec2/HEADPHONES_L')]
04-21 10:54:57 root 345:updating GUI with: 50
04-21 10:54:57 com_github_MitjaNemec_ReplicateLayout.replicate_layout 1015:Replicating tracks on sheet ['/Audio/', '/Audio/codec3/']
04-21 10:54:57 com_github_MitjaNemec_ReplicateLayout.replicate_layout 776:Significant difference between src net: ['CODEC1_DOUT'] and dst net: ['', 'Audio', 'codec3', 'DAC_DOUT'], with src_net_depth=1, dst_net_depth=4, src_fp_depth=2, dst_fp_depth=2, match level 0.63
04-21 10:54:57 com_github_MitjaNemec_ReplicateLayout.replicate_layout 776:Significant difference between src net: ['CODEC1_DIN'] and dst net: ['', 'Audio', 'codec3', 'DAC_DIN'], with src_net_depth=1, dst_net_depth=4, src_fp_depth=2, dst_fp_depth=2, match level 0.59
04-21 10:54:57 com_github_MitjaNemec_ReplicateLayout.replicate_layout 792:Net pairs for sheet ['/Audio/', '/Audio/codec3/'] :[('/Audio/codec1/HEADPHONES_GND', '/Audio/codec3/HEADPHONES_GND'), ('GND', 'GND'), ('Net-(JP13-A)', 'Net-(JP17-A)'), ('Net-(U6-VAG)', 'Net-(U8-VAG)'), ('CODEC1_DIN', '/Audio/codec3/DAC_DIN'), ('DAC_MCLK', 'DAC_MCLK'), ('/Audio/codec1/LINE_IN_R', '/Audio/codec3/LINE_IN_R'), ('/Audio/codec1/HEADPHONES_L', '/Audio/codec3/HEADPHONES_L'), ('Net-(U6-SYS_MCLK)', 'Net-(U8-SYS_MCLK)'), ('DAC_LRCLK', 'DAC_LRCLK'), ('CODEC1_DOUT', '/Audio/codec3/DAC_DOUT'), ('/Audio/codec1/LINE_IN_L', '/Audio/codec3/LINE_IN_L'), ('Net-(JP12-A)', 'Net-(JP16-A)'), ('DAC_BCLK', 'DAC_BCLK'), ('+3.3V', '+3.3V'), ('+1V8', '+1V8'), ('/Audio/codec1/HEADPHONES_R', '/Audio/codec3/HEADPHONES_R'), ('CODEC1_SCL', 'CODEC3_SCL'), ('CODEC1_SDA', 'CODEC3_SDA'), ('', ''), ('/Audio/codec1/LINE_OUT_R', '/Audio/codec3/LINE_OUT_R'), ('Net-(U6-VDDA)', 'Net-(U8-VDDA)'), ('/Audio/codec1/LINE_OUT_L', '/Audio/codec3/LINE_OUT_L')]
04-21 10:54:57 root 340:updating GUI message: 'Replicating zones'
04-21 10:54:57 root 345:updating GUI with: 0
04-21 10:54:57 com_github_MitjaNemec_ReplicateLayout.replicate_layout 1079:Replicating zones
04-21 10:54:57 com_github_MitjaNemec_ReplicateLayout.replicate_layout 1086:Replicating zones on sheet ['/Audio/', '/Audio/codec2/']
04-21 10:54:57 com_github_MitjaNemec_ReplicateLayout.replicate_layout 792:Net pairs for sheet ['/Audio/', '/Audio/codec2/'] :[('GND', 'GND'), ('/Audio/codec1/LINE_OUT_L', '/Audio/codec2/LINE_OUT_L'), ('Net-(U6-SYS_MCLK)', 'Net-(U7-SYS_MCLK)'), ('DAC_MCLK', 'DAC_MCLK'), ('/Audio/codec1/LINE_IN_L', '/Audio/codec2/LINE_IN_L'), ('/Audio/codec1/LINE_IN_R', '/Audio/codec2/LINE_IN_R'), ('/Audio/codec1/HEADPHONES_GND', '/Audio/codec2/HEADPHONES_GND'), ('DAC_LRCLK', 'DAC_LRCLK'), ('CODEC1_SCL', 'CODEC2_SCL'), ('Net-(JP12-A)', 'Net-(JP14-A)'), ('DAC_BCLK', 'DAC_BCLK'), ('CODEC1_SDA', 'CODEC2_SDA'), ('+3.3V', '+3.3V'), ('CODEC1_DIN', 'CODEC2_DIN'), ('+1V8', '+1V8'), ('Net-(U6-VAG)', 'Net-(U7-VAG)'), ('/Audio/codec1/HEADPHONES_R', '/Audio/codec2/HEADPHONES_R'), ('Net-(U6-VDDA)', 'Net-(U7-VDDA)'), ('', ''), ('Net-(JP13-A)', 'Net-(JP15-A)'), ('CODEC1_DOUT', 'CODEC2_DOUT'), ('/Audio/codec1/LINE_OUT_R', '/Audio/codec2/LINE_OUT_R'), ('/Audio/codec1/HEADPHONES_L', '/Audio/codec2/HEADPHONES_L')]
04-21 10:54:57 com_github_MitjaNemec_ReplicateLayout.replicate_layout 1086:Replicating zones on sheet ['/Audio/', '/Audio/codec3/']
04-21 10:54:57 com_github_MitjaNemec_ReplicateLayout.replicate_layout 776:Significant difference between src net: ['CODEC1_DOUT'] and dst net: ['', 'Audio', 'codec3', 'DAC_DOUT'], with src_net_depth=1, dst_net_depth=4, src_fp_depth=2, dst_fp_depth=2, match level 0.63
04-21 10:54:57 com_github_MitjaNemec_ReplicateLayout.replicate_layout 776:Significant difference between src net: ['CODEC1_DIN'] and dst net: ['', 'Audio', 'codec3', 'DAC_DIN'], with src_net_depth=1, dst_net_depth=4, src_fp_depth=2, dst_fp_depth=2, match level 0.59
04-21 10:54:57 com_github_MitjaNemec_ReplicateLayout.replicate_layout 792:Net pairs for sheet ['/Audio/', '/Audio/codec3/'] :[('/Audio/codec1/HEADPHONES_GND', '/Audio/codec3/HEADPHONES_GND'), ('GND', 'GND'), ('Net-(JP13-A)', 'Net-(JP17-A)'), ('Net-(U6-VAG)', 'Net-(U8-VAG)'), ('CODEC1_DIN', '/Audio/codec3/DAC_DIN'), ('DAC_MCLK', 'DAC_MCLK'), ('/Audio/codec1/LINE_IN_R', '/Audio/codec3/LINE_IN_R'), ('/Audio/codec1/HEADPHONES_L', '/Audio/codec3/HEADPHONES_L'), ('Net-(U6-SYS_MCLK)', 'Net-(U8-SYS_MCLK)'), ('DAC_LRCLK', 'DAC_LRCLK'), ('CODEC1_DOUT', '/Audio/codec3/DAC_DOUT'), ('/Audio/codec1/LINE_IN_L', '/Audio/codec3/LINE_IN_L'), ('Net-(JP12-A)', 'Net-(JP16-A)'), ('DAC_BCLK', 'DAC_BCLK'), ('+3.3V', '+3.3V'), ('+1V8', '+1V8'), ('/Audio/codec1/HEADPHONES_R', '/Audio/codec3/HEADPHONES_R'), ('CODEC1_SCL', 'CODEC3_SCL'), ('CODEC1_SDA', 'CODEC3_SDA'), ('', ''), ('/Audio/codec1/LINE_OUT_R', '/Audio/codec3/LINE_OUT_R'), ('Net-(U6-VDDA)', 'Net-(U8-VDDA)'), ('/Audio/codec1/LINE_OUT_L', '/Audio/codec3/LINE_OUT_L')]
04-21 10:54:57 root 340:updating GUI message: 'Replicating text'
04-21 10:54:57 com_github_MitjaNemec_ReplicateLayout.replicate_layout 1168:Replicating text
04-21 10:54:57 com_github_MitjaNemec_ReplicateLayout.replicate_layout 1175:Replicating text on sheet ['/Audio/', '/Audio/codec2/']
04-21 10:54:57 com_github_MitjaNemec_ReplicateLayout.replicate_layout 1175:Replicating text on sheet ['/Audio/', '/Audio/codec3/']
04-21 10:54:57 root 340:updating GUI message: 'Replicating drawings'
04-21 10:54:57 com_github_MitjaNemec_ReplicateLayout.replicate_layout 1219:Replicating drawings
04-21 10:54:57 com_github_MitjaNemec_ReplicateLayout.replicate_layout 1225:Replicating drawings on sheet ['/Audio/', '/Audio/codec2/']
04-21 10:54:57 com_github_MitjaNemec_ReplicateLayout.replicate_layout 1225:Replicating drawings on sheet ['/Audio/', '/Audio/codec3/']
04-21 10:54:57 com_github_MitjaNemec_ReplicateLayout.action_replicate_layout 264:Replication complete
04-21 10:54:57 com_github_MitjaNemec_ReplicateLayout.action_replicate_layout 267:Letting the user know there are some issues with replicated design
04-21 10:54:57 com_github_MitjaNemec_ReplicateLayout.action_replicate_layout 271:Looks like the design has an exotic connectivity that the plugin might not handle properly
 Make sure that you check the connectivity around:
Footprint U8, pad 16
Footprint U8, pad 17

